Not searching for unused variables given on the command line.
[0mCMake Deprecation Warning at CMakeLists.txt:1 (cmake_minimum_required):
  Compatibility with CMake < 3.5 will be removed from a future version of
  CMake.

  Update the VERSION argument <min> value or use a ...<max> suffix to tell
  CMake that the project does not need compatibility with older versions.

[0m
[36m--[0m The C compiler identification is GNU 9.4.0
[36m--[0m The CXX compiler identification is GNU 9.4.0
[36m--[0m Detecting C compiler ABI info
[36m--[0m Detecting C compiler ABI info - done
[36m--[0m Check for working C compiler: /usr/lib/ccache/cc - skipped
[36m--[0m Detecting C compile features
[36m--[0m Detecting C compile features - done
[36m--[0m Detecting CXX compiler ABI info
[36m--[0m Detecting CXX compiler ABI info - done
[36m--[0m Check for working CXX compiler: /usr/lib/ccache/c++ - skipped
[36m--[0m Detecting CXX compile features
[36m--[0m Detecting CXX compile features - done
[36m--[0m Performing Test COMPILER_SUPPORTS_CXX11
[36m--[0m Performing Test COMPILER_SUPPORTS_CXX11 - Success
[36m--[0m Using CATKIN_DEVEL_PREFIX: /home/terranova/VSLAM_ws/devel/.private/orb_slam2_ros
[36m--[0m Using CMAKE_PREFIX_PATH: /home/terranova/VSLAM_ws/devel;/opt/ros/noetic;/home/terranova/uav_ws/install/vision_opencv;/home/terranova/uav_ws/install/uav_gazebo;/home/terranova/uav_ws/install/uav_cartographer;/home/terranova/uav_ws/install/turtlebot3;/home/terranova/uav_ws/install/turtlebot3_simulations;/home/terranova/uav_ws/install/turtlebot3_bringup;/home/terranova/uav_ws/install/turtlebot3_node;/home/terranova/uav_ws/install/turtlebot3_navigation2;/home/terranova/uav_ws/install/turtlebot3_fake_node;/home/terranova/uav_ws/install/turtlebot3_msgs;/home/terranova/uav_ws/install/turtlebot3_gazebo;/home/terranova/uav_ws/install/turtlebot3_description;/home/terranova/uav_ws/install/turtlebot3_cartographer;/home/terranova/uav_ws/install/perception_pcl;/home/terranova/uav_ws/install/pcl_ros;/home/terranova/uav_ws/install/pcl_conversions;/home/terranova/uav_ws/install/pcl_msgs;/home/terranova/uav_ws/install/image_geometry;/home/terranova/uav_ws/install/hls_lfcd_lds_driver;/home/terranova/uav_ws/install/gazebo_ros_pkgs;/home/terranova/uav_ws/install/gazebo_plugins;/home/terranova/uav_ws/install/gazebo_ros;/home/terranova/uav_ws/install/gazebo_msgs;/home/terranova/uav_ws/install/gazebo_dev;/home/terranova/uav_ws/install/dynamixel_sdk_examples;/home/terranova/uav_ws/install/dynamixel_sdk_custom_interfaces;/home/terranova/uav_ws/install/dynamixel_sdk;/home/terranova/uav_ws/install/cv_bridge;/home/terranova/uav_ws/install/absl
[36m--[0m This workspace overlays: /home/terranova/VSLAM_ws/devel;/opt/ros/noetic
[33mCMake Warning (dev) at /opt/ros/noetic/share/catkin/cmake/python.cmake:4 (find_package):
  Policy CMP0148 is not set: The FindPythonInterp and FindPythonLibs modules
  are removed.  Run "cmake --help-policy CMP0148" for policy details.  Use
  the cmake_policy command to set the policy and suppress this warning.

[36mCall Stack (most recent call first):[0m
  /opt/ros/noetic/share/catkin/cmake/all.cmake:164 (include)
  /opt/ros/noetic/share/catkin/cmake/catkinConfig.cmake:20 (include)
  CMakeLists.txt:19 (find_package)
This warning is for project developers.  Use -Wno-dev to suppress it.
[0m
[36m--[0m Found PythonInterp: /usr/bin/python3 (found suitable version "3.8.10", minimum required is "3")
[36m--[0m Using PYTHON_EXECUTABLE: /usr/bin/python3
[36m--[0m Using Debian Python package layout
[36m--[0m Found PY_em: /home/terranova/.local/lib/python3.8/site-packages/em.py
[36m--[0m Using empy: /home/terranova/.local/lib/python3.8/site-packages/em.py
[36m--[0m Using CATKIN_ENABLE_TESTING: ON
[36m--[0m Call enable_testing()
[36m--[0m Using CATKIN_TEST_RESULTS_DIR: /home/terranova/VSLAM_ws/build/orb_slam2_ros/test_results
[36m--[0m Forcing gtest/gmock from source, though one was otherwise available.
[36m--[0m Found gtest sources under '/usr/src/googletest': gtests will be built
[36m--[0m Found gmock sources under '/usr/src/googletest': gmock will be built
[0mCMake Deprecation Warning at /usr/src/googletest/CMakeLists.txt:4 (cmake_minimum_required):
  Compatibility with CMake < 3.5 will be removed from a future version of
  CMake.

  Update the VERSION argument <min> value or use a ...<max> suffix to tell
  CMake that the project does not need compatibility with older versions.

[0m
[0mCMake Deprecation Warning at /usr/src/googletest/googlemock/CMakeLists.txt:45 (cmake_minimum_required):
  Compatibility with CMake < 3.5 will be removed from a future version of
  CMake.

  Update the VERSION argument <min> value or use a ...<max> suffix to tell
  CMake that the project does not need compatibility with older versions.

[0m
[0mCMake Deprecation Warning at /usr/src/googletest/googletest/CMakeLists.txt:56 (cmake_minimum_required):
  Compatibility with CMake < 3.5 will be removed from a future version of
  CMake.

  Update the VERSION argument <min> value or use a ...<max> suffix to tell
  CMake that the project does not need compatibility with older versions.

[0m
[33mCMake Warning (dev) at /usr/src/googletest/googletest/cmake/internal_utils.cmake:249 (find_package):
  Policy CMP0148 is not set: The FindPythonInterp and FindPythonLibs modules
  are removed.  Run "cmake --help-policy CMP0148" for policy details.  Use
  the cmake_policy command to set the policy and suppress this warning.

[36mCall Stack (most recent call first):[0m
  /usr/src/googletest/googletest/CMakeLists.txt:91 (include)
This warning is for project developers.  Use -Wno-dev to suppress it.
[0m
[36m--[0m Found PythonInterp: /usr/bin/python3 (found version "3.8.10")
[36m--[0m Found Threads: TRUE
[36m--[0m Using Python nosetests: /usr/bin/nosetests3
[36m--[0m catkin 0.8.10
[36m--[0m BUILD_SHARED_LIBS is on
[36m--[0m Using these message generators: gencpp;geneus;genlisp;gennodejs;genpy
[36m--[0m Found Eigen3: /usr/include/eigen3 (Required is at least version "3.1.0")
[36m--[0m Chmod a+x the dynamic_reconfigure file
[33mCMake Warning (dev) at /opt/ros/noetic/share/dynamic_reconfigure/cmake/dynamic_reconfigure-macros.cmake:128 (find_package):
  Policy CMP0148 is not set: The FindPythonInterp and FindPythonLibs modules
  are removed.  Run "cmake --help-policy CMP0148" for policy details.  Use
  the cmake_policy command to set the policy and suppress this warning.

[36mCall Stack (most recent call first):[0m
  /opt/ros/noetic/share/dynamic_reconfigure/cmake/dynamic_reconfigure-macros.cmake:89 (dynreconf_called)
  CMakeLists.txt:53 (generate_dynamic_reconfigure_options)
This warning is for project developers.  Use -Wno-dev to suppress it.
[0m
[36m--[0m orb_slam2_ros: 0 messages, 1 services
[36m--[0m Found OpenMP_C: -fopenmp (found version "4.5")
[36m--[0m Found OpenMP_CXX: -fopenmp (found version "4.5")
[36m--[0m Found OpenMP: TRUE (found version "4.5")
[36m--[0m Compile With map save/load function
[36m--[0m Configuring done (3.3s)
[36m--[0m Generating done (0.2s)
[36m--[0m Build files have been written to: /home/terranova/VSLAM_ws/build/orb_slam2_ros
